# JRE version: OpenJDK Runtime Environment GraalVM CE 22.3.0 (17.0.5+8) (build 17.0.5+8-jvmci-22.3-b08)
# Java VM: OpenJDK 64-Bit Server VM GraalVM CE 22.3.0 (17.0.5+8-jvmci-22.3-b08, mixed mode, sharing, tiered, jvmci, jvmci compiler, compressed oops, compressed class ptrs, parallel gc, linux-amd64)
GC Precious Log:
 CPUs: 8 total, 1 available
 Memory: 1024M
 Large Page Support: Disabled
 NUMA Support: Disabled
 Compressed Oops: Enabled (32-bit)
 Alignments: Space 512K, Generation 512K, Heap 2M
 Heap Min Capacity: 100M
 Heap Initial Capacity: 100M
 Heap Max Capacity: 512M
 Pre-touch: Disabled
 Parallel Workers: 1
Heap:
 PSYoungGen      total 43520K, used 31743K [0x00000000f5580000, 0x00000000f8d80000, 0x0000000100000000)
  eden space 31744K, 99% used [0x00000000f5580000,0x00000000f747ffe8,0x00000000f7480000)
  from space 11776K, 0% used [0x00000000f8200000,0x00000000f8200000,0x00000000f8d80000)
  to   space 12288K, 0% used [0x00000000f7480000,0x00000000f7480000,0x00000000f8080000)
 ParOldGen       total 349696K, used 349695K [0x00000000e0000000, 0x00000000f5580000, 0x00000000f5580000)
  object space 349696K, 99% used [0x00000000e0000000,0x00000000f557ffd8,0x00000000f5580000)
 Metaspace       used 57553K, committed 58432K, reserved 1105920K
  class space    used 5243K, committed 5632K, reserved 1048576K
GC Heap History (20 events):
Event: 1032.528 GC heap before
{Heap before GC invocations=736 (full 605):
 PSYoungGen      total 43520K, used 31744K [0x00000000f5580000, 0x00000000f8d80000, 0x0000000100000000)
  eden space 31744K, 100% used [0x00000000f5580000,0x00000000f7480000,0x00000000f7480000)
  from space 11776K, 0% used [0x00000000f8200000,0x00000000f8200000,0x00000000f8d80000)
  to   space 12288K, 0% used [0x00000000f7480000,0x00000000f7480000,0x00000000f8080000)
 ParOldGen       total 349696K, used 349695K [0x00000000e0000000, 0x00000000f5580000, 0x00000000f5580000)
  object space 349696K, 99% used [0x00000000e0000000,0x00000000f557ffd8,0x00000000f5580000)
 Metaspace       used 57553K, committed 58432K, reserved 1105920K
  class space    used 5243K, committed 5632K, reserved 1048576K
}
Event: 1037.321 GC heap after
{Heap after GC invocations=736 (full 605):
 PSYoungGen      total 44032K, used 31743K [0x00000000f5580000, 0x00000000f8d80000, 0x0000000100000000)
  eden space 31744K, 99% used [0x00000000f5580000,0x00000000f747ffd0,0x00000000f7480000)
  from space 12288K, 0% used [0x00000000f7480000,0x00000000f7480000,0x00000000f8080000)
  to   space 11776K, 0% used [0x00000000f8200000,0x00000000f8200000,0x00000000f8d80000)
 ParOldGen       total 349696K, used 349695K [0x00000000e0000000, 0x00000000f5580000, 0x00000000f5580000)
  object space 349696K, 99% used [0x00000000e0000000,0x00000000f557ffd8,0x00000000f5580000)
 Metaspace       used 57553K, committed 58432K, reserved 1105920K
  class space    used 5243K, committed 5632K, reserved 1048576K
}
Event: 1037.327 GC heap before
{Heap before GC invocations=737 (full 606):
 PSYoungGen      total 44032K, used 31744K [0x00000000f5580000, 0x00000000f8d80000, 0x0000000100000000)
  eden space 31744K, 100% used [0x00000000f5580000,0x00000000f7480000,0x00000000f7480000)
  from space 12288K, 0% used [0x00000000f7480000,0x00000000f7480000,0x00000000f8080000)
  to   space 11776K, 0% used [0x00000000f8200000,0x00000000f8200000,0x00000000f8d80000)
 ParOldGen       total 349696K, used 349695K [0x00000000e0000000, 0x00000000f5580000, 0x00000000f5580000)
  object space 349696K, 99% used [0x00000000e0000000,0x00000000f557ffd8,0x00000000f5580000)
 Metaspace       used 57553K, committed 58432K, reserved 1105920K
  class space    used 5243K, committed 5632K, reserved 1048576K
}
Event: 1039.995 GC heap after
{Heap after GC invocations=737 (full 606):
 PSYoungGen      total 43520K, used 31743K [0x00000000f5580000, 0x00000000f8d80000, 0x0000000100000000)
  eden space 31744K, 99% used [0x00000000f5580000,0x00000000f747ffd0,0x00000000f7480000)
  from space 11776K, 0% used [0x00000000f8200000,0x00000000f8200000,0x00000000f8d80000)
  to   space 12288K, 0% used [0x00000000f7480000,0x00000000f7480000,0x00000000f8080000)
 ParOldGen       total 349696K, used 349695K [0x00000000e0000000, 0x00000000f5580000, 0x00000000f5580000)
  object space 349696K, 99% used [0x00000000e0000000,0x00000000f557ffd8,0x00000000f5580000)
 Metaspace       used 57553K, committed 58432K, reserved 1105920K
  class space    used 5243K, committed 5632K, reserved 1048576K
}
Event: 1039.997 GC heap before
{Heap before GC invocations=738 (full 607):
 PSYoungGen      total 43520K, used 31744K [0x00000000f5580000, 0x00000000f8d80000, 0x0000000100000000)
  eden space 31744K, 100% used [0x00000000f5580000,0x00000000f7480000,0x00000000f7480000)
  from space 11776K, 0% used [0x00000000f8200000,0x00000000f8200000,0x00000000f8d80000)
  to   space 12288K, 0% used [0x00000000f7480000,0x00000000f7480000,0x00000000f8080000)
 ParOldGen       total 349696K, used 349695K [0x00000000e0000000, 0x00000000f5580000, 0x00000000f5580000)
  object space 349696K, 99% used [0x00000000e0000000,0x00000000f557ffd8,0x00000000f5580000)
 Metaspace       used 57553K, committed 58432K, reserved 1105920K
  class space    used 5243K, committed 5632K, reserved 1048576K
}
Event: 1041.608 GC heap after
{Heap after GC invocations=738 (full 607):
 PSYoungGen      total 44032K, used 31743K [0x00000000f5580000, 0x00000000f8d80000, 0x0000000100000000)
  eden space 31744K, 99% used [0x00000000f5580000,0x00000000f747ffd0,0x00000000f7480000)
  from space 12288K, 0% used [0x00000000f7480000,0x00000000f7480000,0x00000000f8080000)
  to   space 11776K, 0% used [0x00000000f8200000,0x00000000f8200000,0x00000000f8d80000)
 ParOldGen       total 349696K, used 349695K [0x00000000e0000000, 0x00000000f5580000, 0x00000000f5580000)
  object space 349696K, 99% used [0x00000000e0000000,0x00000000f557ffd8,0x00000000f5580000)
 Metaspace       used 57553K, committed 58432K, reserved 1105920K
  class space    used 5243K, committed 5632K, reserved 1048576K
}
Event: 1041.608 GC heap before
{Heap before GC invocations=739 (full 608):
 PSYoungGen      total 44032K, used 31744K [0x00000000f5580000, 0x00000000f8d80000, 0x0000000100000000)
  eden space 31744K, 100% used [0x00000000f5580000,0x00000000f7480000,0x00000000f7480000)
  from space 12288K, 0% used [0x00000000f7480000,0x00000000f7480000,0x00000000f8080000)
  to   space 11776K, 0% used [0x00000000f8200000,0x00000000f8200000,0x00000000f8d80000)
 ParOldGen       total 349696K, used 349695K [0x00000000e0000000, 0x00000000f5580000, 0x00000000f5580000)
  object space 349696K, 99% used [0x00000000e0000000,0x00000000f557ffd8,0x00000000f5580000)
 Metaspace       used 57553K, committed 58432K, reserved 1105920K
  class space    used 5243K, committed 5632K, reserved 1048576K
}
Event: 1043.107 GC heap after
{Heap after GC invocations=739 (full 608):
 PSYoungGen      total 43520K, used 31743K [0x00000000f5580000, 0x00000000f8d80000, 0x0000000100000000)
  eden space 31744K, 99% used [0x00000000f5580000,0x00000000f747ffd0,0x00000000f7480000)
  from space 11776K, 0% used [0x00000000f8200000,0x00000000f8200000,0x00000000f8d80000)
  to   space 12288K, 0% used [0x00000000f7480000,0x00000000f7480000,0x00000000f8080000)
 ParOldGen       total 349696K, used 349695K [0x00000000e0000000, 0x00000000f5580000, 0x00000000f5580000)
  object space 349696K, 99% used [0x00000000e0000000,0x00000000f557ffd8,0x00000000f5580000)
 Metaspace       used 57553K, committed 58432K, reserved 1105920K
  class space    used 5243K, committed 5632K, reserved 1048576K
}
Event: 1043.109 GC heap before
{Heap before GC invocations=740 (full 609):
 PSYoungGen      total 43520K, used 31744K [0x00000000f5580000, 0x00000000f8d80000, 0x0000000100000000)
  eden space 31744K, 100% used [0x00000000f5580000,0x00000000f7480000,0x00000000f7480000)
  from space 11776K, 0% used [0x00000000f8200000,0x00000000f8200000,0x00000000f8d80000)
  to   space 12288K, 0% used [0x00000000f7480000,0x00000000f7480000,0x00000000f8080000)
 ParOldGen       total 349696K, used 349695K [0x00000000e0000000, 0x00000000f5580000, 0x00000000f5580000)
  object space 349696K, 99% used [0x00000000e0000000,0x00000000f557ffd8,0x00000000f5580000)
 Metaspace       used 57553K, committed 58432K, reserved 1105920K
  class space    used 5243K, committed 5632K, reserved 1048576K
}
Event: 1044.516 GC heap after
{Heap after GC invocations=740 (full 609):
 PSYoungGen      total 44032K, used 31743K [0x00000000f5580000, 0x00000000f8d80000, 0x0000000100000000)
  eden space 31744K, 99% used [0x00000000f5580000,0x00000000f747ffd0,0x00000000f7480000)
  from space 12288K, 0% used [0x00000000f7480000,0x00000000f7480000,0x00000000f8080000)
  to   space 11776K, 0% used [0x00000000f8200000,0x00000000f8200000,0x00000000f8d80000)
 ParOldGen       total 349696K, used 349695K [0x00000000e0000000, 0x00000000f5580000, 0x00000000f5580000)
  object space 349696K, 99% used [0x00000000e0000000,0x00000000f557ffd8,0x00000000f5580000)
 Metaspace       used 57553K, committed 58432K, reserved 1105920K
  class space    used 5243K, committed 5632K, reserved 1048576K
}
Event: 1044.517 GC heap before
{Heap before GC invocations=741 (full 610):
 PSYoungGen      total 44032K, used 31744K [0x00000000f5580000, 0x00000000f8d80000, 0x0000000100000000)
  eden space 31744K, 100% used [0x00000000f5580000,0x00000000f7480000,0x00000000f7480000)
  from space 12288K, 0% used [0x00000000f7480000,0x00000000f7480000,0x00000000f8080000)
  to   space 11776K, 0% used [0x00000000f8200000,0x00000000f8200000,0x00000000f8d80000)
 ParOldGen       total 349696K, used 349695K [0x00000000e0000000, 0x00000000f5580000, 0x00000000f5580000)
  object space 349696K, 99% used [0x00000000e0000000,0x00000000f557ffd8,0x00000000f5580000)
 Metaspace       used 57553K, committed 58432K, reserved 1105920K
  class space    used 5243K, committed 5632K, reserved 1048576K
}
Event: 1046.118 GC heap after
{Heap after GC invocations=741 (full 610):
 PSYoungGen      total 43520K, used 31743K [0x00000000f5580000, 0x00000000f8d80000, 0x0000000100000000)
  eden space 31744K, 99% used [0x00000000f5580000,0x00000000f747ffd0,0x00000000f7480000)
  from space 11776K, 0% used [0x00000000f8200000,0x00000000f8200000,0x00000000f8d80000)
  to   space 12288K, 0% used [0x00000000f7480000,0x00000000f7480000,0x00000000f8080000)
 ParOldGen       total 349696K, used 349695K [0x00000000e0000000, 0x00000000f5580000, 0x00000000f5580000)
  object space 349696K, 99% used [0x00000000e0000000,0x00000000f557ffd8,0x00000000f5580000)
 Metaspace       used 57553K, committed 58432K, reserved 1105920K
  class space    used 5243K, committed 5632K, reserved 1048576K
}
Event: 1046.120 GC heap before
{Heap before GC invocations=742 (full 611):
 PSYoungGen      total 43520K, used 31744K [0x00000000f5580000, 0x00000000f8d80000, 0x0000000100000000)
  eden space 31744K, 100% used [0x00000000f5580000,0x00000000f7480000,0x00000000f7480000)
  from space 11776K, 0% used [0x00000000f8200000,0x00000000f8200000,0x00000000f8d80000)
  to   space 12288K, 0% used [0x00000000f7480000,0x00000000f7480000,0x00000000f8080000)
 ParOldGen       total 349696K, used 349695K [0x00000000e0000000, 0x00000000f5580000, 0x00000000f5580000)
  object space 349696K, 99% used [0x00000000e0000000,0x00000000f557ffd8,0x00000000f5580000)
 Metaspace       used 57553K, committed 58432K, reserved 1105920K
  class space    used 5243K, committed 5632K, reserved 1048576K
}
Event: 1047.479 GC heap after
{Heap after GC invocations=742 (full 611):
 PSYoungGen      total 44032K, used 31743K [0x00000000f5580000, 0x00000000f8d80000, 0x0000000100000000)
  eden space 31744K, 99% used [0x00000000f5580000,0x00000000f747ffd0,0x00000000f7480000)
  from space 12288K, 0% used [0x00000000f7480000,0x00000000f7480000,0x00000000f8080000)
  to   space 11776K, 0% used [0x00000000f8200000,0x00000000f8200000,0x00000000f8d80000)
 ParOldGen       total 349696K, used 349695K [0x00000000e0000000, 0x00000000f5580000, 0x00000000f5580000)
  object space 349696K, 99% used [0x00000000e0000000,0x00000000f557ffd8,0x00000000f5580000)
 Metaspace       used 57553K, committed 58432K, reserved 1105920K
  class space    used 5243K, committed 5632K, reserved 1048576K
}
Event: 1047.481 GC heap before
{Heap before GC invocations=743 (full 612):
 PSYoungGen      total 44032K, used 31743K [0x00000000f5580000, 0x00000000f8d80000, 0x0000000100000000)
  eden space 31744K, 99% used [0x00000000f5580000,0x00000000f747fff0,0x00000000f7480000)
  from space 12288K, 0% used [0x00000000f7480000,0x00000000f7480000,0x00000000f8080000)
  to   space 11776K, 0% used [0x00000000f8200000,0x00000000f8200000,0x00000000f8d80000)
 ParOldGen       total 349696K, used 349695K [0x00000000e0000000, 0x00000000f5580000, 0x00000000f5580000)
  object space 349696K, 99% used [0x00000000e0000000,0x00000000f557ffd8,0x00000000f5580000)
 Metaspace       used 57553K, committed 58432K, reserved 1105920K
  class space    used 5243K, committed 5632K, reserved 1048576K
}
Event: 1049.085 GC heap after
{Heap after GC invocations=743 (full 612):
 PSYoungGen      total 43520K, used 31743K [0x00000000f5580000, 0x00000000f8d80000, 0x0000000100000000)
  eden space 31744K, 99% used [0x00000000f5580000,0x00000000f747ffd0,0x00000000f7480000)
  from space 11776K, 0% used [0x00000000f8200000,0x00000000f8200000,0x00000000f8d80000)
  to   space 12288K, 0% used [0x00000000f7480000,0x00000000f7480000,0x00000000f8080000)
 ParOldGen       total 349696K, used 349695K [0x00000000e0000000, 0x00000000f5580000, 0x00000000f5580000)
  object space 349696K, 99% used [0x00000000e0000000,0x00000000f557ffd8,0x00000000f5580000)
 Metaspace       used 57553K, committed 58432K, reserved 1105920K
  class space    used 5243K, committed 5632K, reserved 1048576K
}
Event: 1049.088 GC heap before
{Heap before GC invocations=744 (full 613):
 PSYoungGen      total 43520K, used 31743K [0x00000000f5580000, 0x00000000f8d80000, 0x0000000100000000)
  eden space 31744K, 99% used [0x00000000f5580000,0x00000000f747ffe8,0x00000000f7480000)
  from space 11776K, 0% used [0x00000000f8200000,0x00000000f8200000,0x00000000f8d80000)
  to   space 12288K, 0% used [0x00000000f7480000,0x00000000f7480000,0x00000000f8080000)
 ParOldGen       total 349696K, used 349695K [0x00000000e0000000, 0x00000000f5580000, 0x00000000f5580000)
  object space 349696K, 99% used [0x00000000e0000000,0x00000000f557ffd8,0x00000000f5580000)
 Metaspace       used 57553K, committed 58432K, reserved 1105920K
  class space    used 5243K, committed 5632K, reserved 1048576K
}
Event: 1052.321 GC heap after
{Heap after GC invocations=744 (full 613):
 PSYoungGen      total 44032K, used 31743K [0x00000000f5580000, 0x00000000f8d80000, 0x0000000100000000)
  eden space 31744K, 99% used [0x00000000f5580000,0x00000000f747ffe8,0x00000000f7480000)
  from space 12288K, 0% used [0x00000000f7480000,0x00000000f7480000,0x00000000f8080000)
  to   space 11776K, 0% used [0x00000000f8200000,0x00000000f8200000,0x00000000f8d80000)
 ParOldGen       total 349696K, used 349695K [0x00000000e0000000, 0x00000000f5580000, 0x00000000f5580000)
  object space 349696K, 99% used [0x00000000e0000000,0x00000000f557ffd8,0x00000000f5580000)
 Metaspace       used 57553K, committed 58432K, reserved 1105920K
  class space    used 5243K, committed 5632K, reserved 1048576K
}
Event: 1052.321 GC heap before
{Heap before GC invocations=745 (full 614):
 PSYoungGen      total 44032K, used 31743K [0x00000000f5580000, 0x00000000f8d80000, 0x0000000100000000)
  eden space 31744K, 99% used [0x00000000f5580000,0x00000000f747ffe8,0x00000000f7480000)
  from space 12288K, 0% used [0x00000000f7480000,0x00000000f7480000,0x00000000f8080000)
  to   space 11776K, 0% used [0x00000000f8200000,0x00000000f8200000,0x00000000f8d80000)
 ParOldGen       total 349696K, used 349695K [0x00000000e0000000, 0x00000000f5580000, 0x00000000f5580000)
  object space 349696K, 99% used [0x00000000e0000000,0x00000000f557ffd8,0x00000000f5580000)
 Metaspace       used 57553K, committed 58432K, reserved 1105920K
  class space    used 5243K, committed 5632K, reserved 1048576K
}
Event: 1056.091 GC heap after
{Heap after GC invocations=745 (full 614):
 PSYoungGen      total 43520K, used 31743K [0x00000000f5580000, 0x00000000f8d80000, 0x0000000100000000)
  eden space 31744K, 99% used [0x00000000f5580000,0x00000000f747ffe8,0x00000000f7480000)
  from space 11776K, 0% used [0x00000000f8200000,0x00000000f8200000,0x00000000f8d80000)
  to   space 12288K, 0% used [0x00000000f7480000,0x00000000f7480000,0x00000000f8080000)
 ParOldGen       total 349696K, used 349695K [0x00000000e0000000, 0x00000000f5580000, 0x00000000f5580000)
  object space 349696K, 99% used [0x00000000e0000000,0x00000000f557ffd8,0x00000000f5580000)
 Metaspace       used 57553K, committed 58432K, reserved 1105920K
  class space    used 5243K, committed 5632K, reserved 1048576K
}

