# JRE version: OpenJDK Runtime Environment GraalVM CE 22.3.0 (17.0.5+8) (build 17.0.5+8-jvmci-22.3-b08)
# Java VM: OpenJDK 64-Bit Server VM GraalVM CE 22.3.0 (17.0.5+8-jvmci-22.3-b08, mixed mode, sharing, tiered, jvmci, jvmci compiler, compressed oops, compressed class ptrs, parallel gc, linux-amd64)
GC Precious Log:
 CPUs: 8 total, 1 available
 Memory: 1024M
 Large Page Support: Disabled
 NUMA Support: Disabled
 Compressed Oops: Enabled (32-bit)
 Alignments: Space 512K, Generation 512K, Heap 2M
 Heap Min Capacity: 100M
 Heap Initial Capacity: 100M
 Heap Max Capacity: 512M
 Pre-touch: Disabled
 Parallel Workers: 1
Heap:
 PSYoungGen      total 35328K, used 19968K [0x00000000f5580000, 0x00000000f8900000, 0x0000000100000000)
  eden space 19968K, 100% used [0x00000000f5580000,0x00000000f6900000,0x00000000f6900000)
  from space 15360K, 0% used [0x00000000f7a00000,0x00000000f7a00000,0x00000000f8900000)
  to   space 7168K, 0% used [0x00000000f6900000,0x00000000f6900000,0x00000000f7000000)
 ParOldGen       total 349696K, used 349696K [0x00000000e0000000, 0x00000000f5580000, 0x00000000f5580000)
  object space 349696K, 100% used [0x00000000e0000000,0x00000000f5580000,0x00000000f5580000)
 Metaspace       used 62059K, committed 62912K, reserved 1105920K
  class space    used 5631K, committed 6016K, reserved 1048576K
GC Heap History (20 events):
Event: 2337.846 GC heap before
{Heap before GC invocations=1954 (full 1778):
 PSYoungGen      total 35328K, used 19967K [0x00000000f5580000, 0x00000000f8900000, 0x0000000100000000)
  eden space 19968K, 99% used [0x00000000f5580000,0x00000000f68ffff8,0x00000000f6900000)
  from space 15360K, 0% used [0x00000000f7a00000,0x00000000f7a00000,0x00000000f8900000)
  to   space 7168K, 0% used [0x00000000f6900000,0x00000000f6900000,0x00000000f7000000)
 ParOldGen       total 349696K, used 349693K [0x00000000e0000000, 0x00000000f5580000, 0x00000000f5580000)
  object space 349696K, 99% used [0x00000000e0000000,0x00000000f557f668,0x00000000f5580000)
 Metaspace       used 62059K, committed 62912K, reserved 1105920K
  class space    used 5631K, committed 6016K, reserved 1048576K
}
Event: 2338.964 GC heap after
{Heap after GC invocations=1954 (full 1778):
 PSYoungGen      total 27136K, used 19967K [0x00000000f5580000, 0x00000000f8900000, 0x0000000100000000)
  eden space 19968K, 99% used [0x00000000f5580000,0x00000000f68ffcf0,0x00000000f6900000)
  from space 7168K, 0% used [0x00000000f6900000,0x00000000f6900000,0x00000000f7000000)
  to   space 15360K, 0% used [0x00000000f7a00000,0x00000000f7a00000,0x00000000f8900000)
 ParOldGen       total 349696K, used 349692K [0x00000000e0000000, 0x00000000f5580000, 0x00000000f5580000)
  object space 349696K, 99% used [0x00000000e0000000,0x00000000f557f020,0x00000000f5580000)
 Metaspace       used 62059K, committed 62912K, reserved 1105920K
  class space    used 5631K, committed 6016K, reserved 1048576K
}
Event: 2338.964 GC heap before
{Heap before GC invocations=1955 (full 1779):
 PSYoungGen      total 27136K, used 19967K [0x00000000f5580000, 0x00000000f8900000, 0x0000000100000000)
  eden space 19968K, 99% used [0x00000000f5580000,0x00000000f68ffff8,0x00000000f6900000)
  from space 7168K, 0% used [0x00000000f6900000,0x00000000f6900000,0x00000000f7000000)
  to   space 15360K, 0% used [0x00000000f7a00000,0x00000000f7a00000,0x00000000f8900000)
 ParOldGen       total 349696K, used 349692K [0x00000000e0000000, 0x00000000f5580000, 0x00000000f5580000)
  object space 349696K, 99% used [0x00000000e0000000,0x00000000f557f020,0x00000000f5580000)
 Metaspace       used 62059K, committed 62912K, reserved 1105920K
  class space    used 5631K, committed 6016K, reserved 1048576K
}
Event: 2340.138 GC heap after
{Heap after GC invocations=1955 (full 1779):
 PSYoungGen      total 35328K, used 19967K [0x00000000f5580000, 0x00000000f8900000, 0x0000000100000000)
  eden space 19968K, 99% used [0x00000000f5580000,0x00000000f68fff48,0x00000000f6900000)
  from space 15360K, 0% used [0x00000000f7a00000,0x00000000f7a00000,0x00000000f8900000)
  to   space 7168K, 0% used [0x00000000f6900000,0x00000000f6900000,0x00000000f7000000)
 ParOldGen       total 349696K, used 349692K [0x00000000e0000000, 0x00000000f5580000, 0x00000000f5580000)
  object space 349696K, 99% used [0x00000000e0000000,0x00000000f557f000,0x00000000f5580000)
 Metaspace       used 62059K, committed 62912K, reserved 1105920K
  class space    used 5631K, committed 6016K, reserved 1048576K
}
Event: 2340.139 GC heap before
{Heap before GC invocations=1956 (full 1780):
 PSYoungGen      total 35328K, used 19967K [0x00000000f5580000, 0x00000000f8900000, 0x0000000100000000)
  eden space 19968K, 99% used [0x00000000f5580000,0x00000000f68ffff0,0x00000000f6900000)
  from space 15360K, 0% used [0x00000000f7a00000,0x00000000f7a00000,0x00000000f8900000)
  to   space 7168K, 0% used [0x00000000f6900000,0x00000000f6900000,0x00000000f7000000)
 ParOldGen       total 349696K, used 349692K [0x00000000e0000000, 0x00000000f5580000, 0x00000000f5580000)
  object space 349696K, 99% used [0x00000000e0000000,0x00000000f557f000,0x00000000f5580000)
 Metaspace       used 62059K, committed 62912K, reserved 1105920K
  class space    used 5631K, committed 6016K, reserved 1048576K
}
Event: 2341.256 GC heap after
{Heap after GC invocations=1956 (full 1780):
 PSYoungGen      total 27136K, used 19967K [0x00000000f5580000, 0x00000000f8900000, 0x0000000100000000)
  eden space 19968K, 99% used [0x00000000f5580000,0x00000000f68fffd0,0x00000000f6900000)
  from space 7168K, 0% used [0x00000000f6900000,0x00000000f6900000,0x00000000f7000000)
  to   space 15360K, 0% used [0x00000000f7a00000,0x00000000f7a00000,0x00000000f8900000)
 ParOldGen       total 349696K, used 349692K [0x00000000e0000000, 0x00000000f5580000, 0x00000000f5580000)
  object space 349696K, 99% used [0x00000000e0000000,0x00000000f557f000,0x00000000f5580000)
 Metaspace       used 62059K, committed 62912K, reserved 1105920K
  class space    used 5631K, committed 6016K, reserved 1048576K
}
Event: 2341.257 GC heap before
{Heap before GC invocations=1957 (full 1781):
 PSYoungGen      total 27136K, used 19967K [0x00000000f5580000, 0x00000000f8900000, 0x0000000100000000)
  eden space 19968K, 99% used [0x00000000f5580000,0x00000000f68fffe8,0x00000000f6900000)
  from space 7168K, 0% used [0x00000000f6900000,0x00000000f6900000,0x00000000f7000000)
  to   space 15360K, 0% used [0x00000000f7a00000,0x00000000f7a00000,0x00000000f8900000)
 ParOldGen       total 349696K, used 349692K [0x00000000e0000000, 0x00000000f5580000, 0x00000000f5580000)
  object space 349696K, 99% used [0x00000000e0000000,0x00000000f557f000,0x00000000f5580000)
 Metaspace       used 62059K, committed 62912K, reserved 1105920K
  class space    used 5631K, committed 6016K, reserved 1048576K
}
Event: 2342.381 GC heap after
{Heap after GC invocations=1957 (full 1781):
 PSYoungGen      total 35328K, used 19967K [0x00000000f5580000, 0x00000000f8900000, 0x0000000100000000)
  eden space 19968K, 99% used [0x00000000f5580000,0x00000000f68fffe8,0x00000000f6900000)
  from space 15360K, 0% used [0x00000000f7a00000,0x00000000f7a00000,0x00000000f8900000)
  to   space 7168K, 0% used [0x00000000f6900000,0x00000000f6900000,0x00000000f7000000)
 ParOldGen       total 349696K, used 349692K [0x00000000e0000000, 0x00000000f5580000, 0x00000000f5580000)
  object space 349696K, 99% used [0x00000000e0000000,0x00000000f557f000,0x00000000f5580000)
 Metaspace       used 62059K, committed 62912K, reserved 1105920K
  class space    used 5631K, committed 6016K, reserved 1048576K
}
Event: 2342.381 GC heap before
{Heap before GC invocations=1958 (full 1782):
 PSYoungGen      total 35328K, used 19968K [0x00000000f5580000, 0x00000000f8900000, 0x0000000100000000)
  eden space 19968K, 100% used [0x00000000f5580000,0x00000000f6900000,0x00000000f6900000)
  from space 15360K, 0% used [0x00000000f7a00000,0x00000000f7a00000,0x00000000f8900000)
  to   space 7168K, 0% used [0x00000000f6900000,0x00000000f6900000,0x00000000f7000000)
 ParOldGen       total 349696K, used 349693K [0x00000000e0000000, 0x00000000f5580000, 0x00000000f5580000)
  object space 349696K, 99% used [0x00000000e0000000,0x00000000f557f6b8,0x00000000f5580000)
 Metaspace       used 62059K, committed 62912K, reserved 1105920K
  class space    used 5631K, committed 6016K, reserved 1048576K
}
Event: 2343.567 GC heap after
{Heap after GC invocations=1958 (full 1782):
 PSYoungGen      total 27136K, used 19967K [0x00000000f5580000, 0x00000000f8900000, 0x0000000100000000)
  eden space 19968K, 99% used [0x00000000f5580000,0x00000000f68fff60,0x00000000f6900000)
  from space 7168K, 0% used [0x00000000f6900000,0x00000000f6900000,0x00000000f7000000)
  to   space 15360K, 0% used [0x00000000f7a00000,0x00000000f7a00000,0x00000000f8900000)
 ParOldGen       total 349696K, used 349692K [0x00000000e0000000, 0x00000000f5580000, 0x00000000f5580000)
  object space 349696K, 99% used [0x00000000e0000000,0x00000000f557f118,0x00000000f5580000)
 Metaspace       used 62059K, committed 62912K, reserved 1105920K
  class space    used 5631K, committed 6016K, reserved 1048576K
}
Event: 2343.567 GC heap before
{Heap before GC invocations=1959 (full 1783):
 PSYoungGen      total 27136K, used 19968K [0x00000000f5580000, 0x00000000f8900000, 0x0000000100000000)
  eden space 19968K, 100% used [0x00000000f5580000,0x00000000f6900000,0x00000000f6900000)
  from space 7168K, 0% used [0x00000000f6900000,0x00000000f6900000,0x00000000f7000000)
  to   space 15360K, 0% used [0x00000000f7a00000,0x00000000f7a00000,0x00000000f8900000)
 ParOldGen       total 349696K, used 349692K [0x00000000e0000000, 0x00000000f5580000, 0x00000000f5580000)
  object space 349696K, 99% used [0x00000000e0000000,0x00000000f557f118,0x00000000f5580000)
 Metaspace       used 62059K, committed 62912K, reserved 1105920K
  class space    used 5631K, committed 6016K, reserved 1048576K
}
Event: 2344.768 GC heap after
{Heap after GC invocations=1959 (full 1783):
 PSYoungGen      total 35328K, used 19967K [0x00000000f5580000, 0x00000000f8900000, 0x0000000100000000)
  eden space 19968K, 99% used [0x00000000f5580000,0x00000000f68fffb0,0x00000000f6900000)
  from space 15360K, 0% used [0x00000000f7a00000,0x00000000f7a00000,0x00000000f8900000)
  to   space 7168K, 0% used [0x00000000f6900000,0x00000000f6900000,0x00000000f7000000)
 ParOldGen       total 349696K, used 349692K [0x00000000e0000000, 0x00000000f5580000, 0x00000000f5580000)
  object space 349696K, 99% used [0x00000000e0000000,0x00000000f557f080,0x00000000f5580000)
 Metaspace       used 62059K, committed 62912K, reserved 1105920K
  class space    used 5631K, committed 6016K, reserved 1048576K
}
Event: 2344.768 GC heap before
{Heap before GC invocations=1960 (full 1784):
 PSYoungGen      total 35328K, used 19968K [0x00000000f5580000, 0x00000000f8900000, 0x0000000100000000)
  eden space 19968K, 100% used [0x00000000f5580000,0x00000000f6900000,0x00000000f6900000)
  from space 15360K, 0% used [0x00000000f7a00000,0x00000000f7a00000,0x00000000f8900000)
  to   space 7168K, 0% used [0x00000000f6900000,0x00000000f6900000,0x00000000f7000000)
 ParOldGen       total 349696K, used 349692K [0x00000000e0000000, 0x00000000f5580000, 0x00000000f5580000)
  object space 349696K, 99% used [0x00000000e0000000,0x00000000f557f080,0x00000000f5580000)
 Metaspace       used 62059K, committed 62912K, reserved 1105920K
  class space    used 5631K, committed 6016K, reserved 1048576K
}
Event: 2345.847 GC heap after
{Heap after GC invocations=1960 (full 1784):
 PSYoungGen      total 27136K, used 19968K [0x00000000f5580000, 0x00000000f8900000, 0x0000000100000000)
  eden space 19968K, 100% used [0x00000000f5580000,0x00000000f6900000,0x00000000f6900000)
  from space 7168K, 0% used [0x00000000f6900000,0x00000000f6900000,0x00000000f7000000)
  to   space 15360K, 0% used [0x00000000f7a00000,0x00000000f7a00000,0x00000000f8900000)
 ParOldGen       total 349696K, used 349692K [0x00000000e0000000, 0x00000000f5580000, 0x00000000f5580000)
  object space 349696K, 99% used [0x00000000e0000000,0x00000000f557f080,0x00000000f5580000)
 Metaspace       used 62059K, committed 62912K, reserved 1105920K
  class space    used 5631K, committed 6016K, reserved 1048576K
}
Event: 2345.847 GC heap before
{Heap before GC invocations=1961 (full 1785):
 PSYoungGen      total 27136K, used 19968K [0x00000000f5580000, 0x00000000f8900000, 0x0000000100000000)
  eden space 19968K, 100% used [0x00000000f5580000,0x00000000f6900000,0x00000000f6900000)
  from space 7168K, 0% used [0x00000000f6900000,0x00000000f6900000,0x00000000f7000000)
  to   space 15360K, 0% used [0x00000000f7a00000,0x00000000f7a00000,0x00000000f8900000)
 ParOldGen       total 349696K, used 349693K [0x00000000e0000000, 0x00000000f5580000, 0x00000000f5580000)
  object space 349696K, 99% used [0x00000000e0000000,0x00000000f557f720,0x00000000f5580000)
 Metaspace       used 62059K, committed 62912K, reserved 1105920K
  class space    used 5631K, committed 6016K, reserved 1048576K
}
Event: 2346.940 GC heap after
{Heap after GC invocations=1961 (full 1785):
 PSYoungGen      total 35328K, used 19967K [0x00000000f5580000, 0x00000000f8900000, 0x0000000100000000)
  eden space 19968K, 99% used [0x00000000f5580000,0x00000000f68fff30,0x00000000f6900000)
  from space 15360K, 0% used [0x00000000f7a00000,0x00000000f7a00000,0x00000000f8900000)
  to   space 7168K, 0% used [0x00000000f6900000,0x00000000f6900000,0x00000000f7000000)
 ParOldGen       total 349696K, used 349692K [0x00000000e0000000, 0x00000000f5580000, 0x00000000f5580000)
  object space 349696K, 99% used [0x00000000e0000000,0x00000000f557f198,0x00000000f5580000)
 Metaspace       used 62059K, committed 62912K, reserved 1105920K
  class space    used 5631K, committed 6016K, reserved 1048576K
}
Event: 2346.940 GC heap before
{Heap before GC invocations=1962 (full 1786):
 PSYoungGen      total 35328K, used 19968K [0x00000000f5580000, 0x00000000f8900000, 0x0000000100000000)
  eden space 19968K, 100% used [0x00000000f5580000,0x00000000f6900000,0x00000000f6900000)
  from space 15360K, 0% used [0x00000000f7a00000,0x00000000f7a00000,0x00000000f8900000)
  to   space 7168K, 0% used [0x00000000f6900000,0x00000000f6900000,0x00000000f7000000)
 ParOldGen       total 349696K, used 349695K [0x00000000e0000000, 0x00000000f5580000, 0x00000000f5580000)
  object space 349696K, 99% used [0x00000000e0000000,0x00000000f557ff50,0x00000000f5580000)
 Metaspace       used 62059K, committed 62912K, reserved 1105920K
  class space    used 5631K, committed 6016K, reserved 1048576K
}
Event: 2348.078 GC heap after
{Heap after GC invocations=1962 (full 1786):
 PSYoungGen      total 27136K, used 19967K [0x00000000f5580000, 0x00000000f8900000, 0x0000000100000000)
  eden space 19968K, 99% used [0x00000000f5580000,0x00000000f68fffc8,0x00000000f6900000)
  from space 7168K, 0% used [0x00000000f6900000,0x00000000f6900000,0x00000000f7000000)
  to   space 15360K, 0% used [0x00000000f7a00000,0x00000000f7a00000,0x00000000f8900000)
 ParOldGen       total 349696K, used 349695K [0x00000000e0000000, 0x00000000f5580000, 0x00000000f5580000)
  object space 349696K, 99% used [0x00000000e0000000,0x00000000f557fe20,0x00000000f5580000)
 Metaspace       used 62059K, committed 62912K, reserved 1105920K
  class space    used 5631K, committed 6016K, reserved 1048576K
}
Event: 2348.078 GC heap before
{Heap before GC invocations=1963 (full 1787):
 PSYoungGen      total 27136K, used 19967K [0x00000000f5580000, 0x00000000f8900000, 0x0000000100000000)
  eden space 19968K, 99% used [0x00000000f5580000,0x00000000f68fffc8,0x00000000f6900000)
  from space 7168K, 0% used [0x00000000f6900000,0x00000000f6900000,0x00000000f7000000)
  to   space 15360K, 0% used [0x00000000f7a00000,0x00000000f7a00000,0x00000000f8900000)
 ParOldGen       total 349696K, used 349695K [0x00000000e0000000, 0x00000000f5580000, 0x00000000f5580000)
  object space 349696K, 99% used [0x00000000e0000000,0x00000000f557fe20,0x00000000f5580000)
 Metaspace       used 62059K, committed 62912K, reserved 1105920K
  class space    used 5631K, committed 6016K, reserved 1048576K
}
Event: 2349.263 GC heap after
{Heap after GC invocations=1963 (full 1787):
 PSYoungGen      total 35328K, used 19967K [0x00000000f5580000, 0x00000000f8900000, 0x0000000100000000)
  eden space 19968K, 99% used [0x00000000f5580000,0x00000000f68fffc8,0x00000000f6900000)
  from space 15360K, 0% used [0x00000000f7a00000,0x00000000f7a00000,0x00000000f8900000)
  to   space 7168K, 0% used [0x00000000f6900000,0x00000000f6900000,0x00000000f7000000)
 ParOldGen       total 349696K, used 349695K [0x00000000e0000000, 0x00000000f5580000, 0x00000000f5580000)
  object space 349696K, 99% used [0x00000000e0000000,0x00000000f557fe20,0x00000000f5580000)
 Metaspace       used 62059K, committed 62912K, reserved 1105920K
  class space    used 5631K, committed 6016K, reserved 1048576K
}

